<?xml version="1.0" encoding="UTF-8"?>
<!-- Generated by org.testng.reporters.JUnitReportReporter -->
<testsuite hostname="PC-20181229RKRP" name="ClickBanner" tests="2" failures="0" timestamp="17 Feb 2019 08:53:11 GMT" time="37.565" errors="0">
  <testcase name="test3" time="13.194" classname="ClickBanner"/>
  <testcase name="test3" time="24.371" classname="ClickBanner"/>
</testsuite> <!-- ClickBanner -->
